<?xml version="1.0" encoding="UTF-8"?>
<testng-results total="5" passed="4" failed="1" skipped="0">
  <reporter-output>
  </reporter-output>
  <suite started-at="2022-03-29T22:28:45Z" name="Surefire suite" finished-at="2022-03-29T22:29:41Z" duration-ms="56294">
    <groups>
    </groups>
    <test started-at="2022-03-29T22:28:45Z" name="Surefire test" finished-at="2022-03-29T22:29:41Z" duration-ms="56294">
      <class name="com.mycompany.app.AppTest">
        <test-method is-config="true" signature="profileSetup()[pri:0, instance:com.mycompany.app.AppTest@208e9ef6]" started-at="2022-03-30T02:28:45Z" name="profileSetup" finished-at="2022-03-30T02:28:45Z" duration-ms="44" status="PASS">
          <reporter-output>
          </reporter-output>
        </test-method> <!-- profileSetup -->
        <test-method is-config="true" signature="appSetup()[pri:0, instance:com.mycompany.app.AppTest@208e9ef6]" started-at="2022-03-30T02:28:45Z" name="appSetup" finished-at="2022-03-30T02:28:50Z" duration-ms="5141" status="PASS">
          <reporter-output>
          </reporter-output>
        </test-method> <!-- appSetup -->
        <test-method signature="profile()[pri:1, instance:com.mycompany.app.AppTest@208e9ef6]" started-at="2022-03-30T02:28:50Z" name="profile" finished-at="2022-03-30T02:28:57Z" duration-ms="6876" status="PASS">
          <reporter-output>
          </reporter-output>
        </test-method> <!-- profile -->
        <test-method signature="search()[pri:2, instance:com.mycompany.app.AppTest@208e9ef6]" started-at="2022-03-30T02:28:57Z" name="search" finished-at="2022-03-30T02:29:03Z" duration-ms="6313" status="PASS">
          <reporter-output>
          </reporter-output>
        </test-method> <!-- search -->
        <test-method signature="wishlist()[pri:3, instance:com.mycompany.app.AppTest@208e9ef6]" started-at="2022-03-30T02:29:03Z" name="wishlist" finished-at="2022-03-30T02:29:20Z" duration-ms="16207" status="FAIL">
          <exception class="org.openqa.selenium.NoSuchElementException">
            <message>
              <![CDATA[no such element: Unable to locate element: {"method":"link text","selector":"Заказать доставку"}
  (Session info: chrome=99.0.4844.82)
For documentation on this error, please visit: https://selenium.dev/exceptions/#no_such_element
Build info: version: '4.1.2', revision: '9a5a329c5a'
System info: host: 'DESKTOP-27DOJRG', ip: '169.254.69.254', os.name: 'Windows 10', os.arch: 'amd64', os.version: '10.0', java.version: '16.0.1'
Driver info: org.openqa.selenium.chrome.ChromeDriver
Command: [0112c6cb8fc974f9578c09b4ad3bdd0b, findElement {using=link text, value=Заказать доставку}]
Capabilities {acceptInsecureCerts: false, browserName: chrome, browserVersion: 99.0.4844.82, chrome: {chromedriverVersion: 99.0.4844.51 (d537ec02474b5..., userDataDir: C:\Users\1\AppData\Local\Te...}, goog:chromeOptions: {debuggerAddress: localhost:55422}, javascriptEnabled: true, networkConnectionEnabled: false, pageLoadStrategy: normal, platform: WINDOWS, platformName: WINDOWS, proxy: Proxy(), se:cdp: ws://localhost:55422/devtoo..., se:cdpVersion: 99.0.4844.82, setWindowRect: true, strictFileInteractability: false, timeouts: {implicit: 0, pageLoad: 300000, script: 30000}, unhandledPromptBehavior: dismiss and notify, webauthn:extension:credBlob: true, webauthn:extension:largeBlob: true, webauthn:virtualAuthenticators: true}
Session ID: 0112c6cb8fc974f9578c09b4ad3bdd0b]]>
            </message>
            <full-stacktrace>
              <![CDATA[org.openqa.selenium.NoSuchElementException: no such element: Unable to locate element: {"method":"link text","selector":"Заказать доставку"}
  (Session info: chrome=99.0.4844.82)
For documentation on this error, please visit: https://selenium.dev/exceptions/#no_such_element
Build info: version: '4.1.2', revision: '9a5a329c5a'
System info: host: 'DESKTOP-27DOJRG', ip: '169.254.69.254', os.name: 'Windows 10', os.arch: 'amd64', os.version: '10.0', java.version: '16.0.1'
Driver info: org.openqa.selenium.chrome.ChromeDriver
Command: [0112c6cb8fc974f9578c09b4ad3bdd0b, findElement {using=link text, value=Заказать доставку}]
Capabilities {acceptInsecureCerts: false, browserName: chrome, browserVersion: 99.0.4844.82, chrome: {chromedriverVersion: 99.0.4844.51 (d537ec02474b5..., userDataDir: C:\Users\1\AppData\Local\Te...}, goog:chromeOptions: {debuggerAddress: localhost:55422}, javascriptEnabled: true, networkConnectionEnabled: false, pageLoadStrategy: normal, platform: WINDOWS, platformName: WINDOWS, proxy: Proxy(), se:cdp: ws://localhost:55422/devtoo..., se:cdpVersion: 99.0.4844.82, setWindowRect: true, strictFileInteractability: false, timeouts: {implicit: 0, pageLoad: 300000, script: 30000}, unhandledPromptBehavior: dismiss and notify, webauthn:extension:credBlob: true, webauthn:extension:largeBlob: true, webauthn:virtualAuthenticators: true}
Session ID: 0112c6cb8fc974f9578c09b4ad3bdd0b
	at java.base/jdk.internal.reflect.NativeConstructorAccessorImpl.newInstance0(Native Method)
	at java.base/jdk.internal.reflect.NativeConstructorAccessorImpl.newInstance(NativeConstructorAccessorImpl.java:78)
	at java.base/jdk.internal.reflect.DelegatingConstructorAccessorImpl.newInstance(DelegatingConstructorAccessorImpl.java:45)
	at java.base/java.lang.reflect.Constructor.newInstanceWithCaller(Constructor.java:499)
	at java.base/java.lang.reflect.Constructor.newInstance(Constructor.java:480)
	at org.openqa.selenium.remote.codec.w3c.W3CHttpResponseCodec.createException(W3CHttpResponseCodec.java:200)
	at org.openqa.selenium.remote.codec.w3c.W3CHttpResponseCodec.decode(W3CHttpResponseCodec.java:133)
	at org.openqa.selenium.remote.codec.w3c.W3CHttpResponseCodec.decode(W3CHttpResponseCodec.java:53)
	at org.openqa.selenium.remote.HttpCommandExecutor.execute(HttpCommandExecutor.java:184)
	at org.openqa.selenium.remote.service.DriverCommandExecutor.invokeExecute(DriverCommandExecutor.java:167)
	at org.openqa.selenium.remote.service.DriverCommandExecutor.execute(DriverCommandExecutor.java:142)
	at org.openqa.selenium.remote.RemoteWebDriver.execute(RemoteWebDriver.java:558)
	at org.openqa.selenium.remote.ElementLocation$ElementFinder$2.findElement(ElementLocation.java:162)
	at org.openqa.selenium.remote.ElementLocation.findElement(ElementLocation.java:60)
	at org.openqa.selenium.remote.RemoteWebDriver.findElement(RemoteWebDriver.java:382)
	at org.openqa.selenium.remote.RemoteWebDriver.findElement(RemoteWebDriver.java:374)
	at com.mycompany.app.core.Helpers.click(Helpers.java:16)
	at com.mycompany.app.core.WishlistTester.failtStep(WishlistTester.java:64)
	at com.mycompany.app.AppTest.wishlist(AppTest.java:59)
	at java.base/jdk.internal.reflect.NativeMethodAccessorImpl.invoke0(Native Method)
	at java.base/jdk.internal.reflect.NativeMethodAccessorImpl.invoke(NativeMethodAccessorImpl.java:78)
	at java.base/jdk.internal.reflect.DelegatingMethodAccessorImpl.invoke(DelegatingMethodAccessorImpl.java:43)
	at java.base/java.lang.reflect.Method.invoke(Method.java:567)
	at org.testng.internal.MethodInvocationHelper.invokeMethod(MethodInvocationHelper.java:85)
	at org.testng.internal.Invoker.invokeMethod(Invoker.java:639)
	at org.testng.internal.Invoker.invokeTestMethod(Invoker.java:816)
	at org.testng.internal.Invoker.invokeTestMethods(Invoker.java:1124)
	at org.testng.internal.TestMethodWorker.invokeTestMethods(TestMethodWorker.java:125)
	at org.testng.internal.TestMethodWorker.run(TestMethodWorker.java:108)
	at org.testng.TestRunner.privateRun(TestRunner.java:774)
	at org.testng.TestRunner.run(TestRunner.java:624)
	at org.testng.SuiteRunner.runTest(SuiteRunner.java:359)
	at org.testng.SuiteRunner.runSequentially(SuiteRunner.java:354)
	at org.testng.SuiteRunner.privateRun(SuiteRunner.java:312)
	at org.testng.SuiteRunner.run(SuiteRunner.java:261)
	at org.testng.SuiteRunnerWorker.runSuite(SuiteRunnerWorker.java:52)
	at org.testng.SuiteRunnerWorker.run(SuiteRunnerWorker.java:86)
	at org.testng.TestNG.runSuitesSequentially(TestNG.java:1191)
	at org.testng.TestNG.runSuitesLocally(TestNG.java:1116)
	at org.testng.TestNG.run(TestNG.java:1024)
	at org.apache.maven.surefire.testng.TestNGExecutor.run(TestNGExecutor.java:136)
	at org.apache.maven.surefire.testng.TestNGDirectoryTestSuite.executeSingleClass(TestNGDirectoryTestSuite.java:112)
	at org.apache.maven.surefire.testng.TestNGDirectoryTestSuite.execute(TestNGDirectoryTestSuite.java:99)
	at org.apache.maven.surefire.testng.TestNGProvider.invoke(TestNGProvider.java:145)
	at org.apache.maven.surefire.booter.ForkedBooter.runSuitesInProcess(ForkedBooter.java:428)
	at org.apache.maven.surefire.booter.ForkedBooter.execute(ForkedBooter.java:162)
	at org.apache.maven.surefire.booter.ForkedBooter.run(ForkedBooter.java:562)
	at org.apache.maven.surefire.booter.ForkedBooter.main(ForkedBooter.java:548)
]]>
            </full-stacktrace>
          </exception> <!-- org.openqa.selenium.NoSuchElementException -->
          <reporter-output>
          </reporter-output>
        </test-method> <!-- wishlist -->
        <test-method signature="filterTester(int)[pri:4, instance:com.mycompany.app.AppTest@208e9ef6]" started-at="2022-03-30T02:29:20Z" name="filterTester" data-provider="minPrice" finished-at="2022-03-30T02:29:28Z" duration-ms="8755" status="PASS">
          <params>
            <param index="0">
              <value>
                <![CDATA[10000]]>
              </value>
            </param>
          </params>
          <reporter-output>
          </reporter-output>
        </test-method> <!-- filterTester -->
        <test-method signature="filterTester(int)[pri:4, instance:com.mycompany.app.AppTest@208e9ef6]" started-at="2022-03-30T02:29:28Z" name="filterTester" data-provider="minPrice" finished-at="2022-03-30T02:29:37Z" duration-ms="8436" status="PASS">
          <params>
            <param index="0">
              <value>
                <![CDATA[20000]]>
              </value>
            </param>
          </params>
          <reporter-output>
          </reporter-output>
        </test-method> <!-- filterTester -->
        <test-method is-config="true" signature="closeUp()[pri:0, instance:com.mycompany.app.AppTest@208e9ef6]" started-at="2022-03-30T02:29:37Z" name="closeUp" finished-at="2022-03-30T02:29:41Z" duration-ms="4145" status="PASS">
          <reporter-output>
          </reporter-output>
        </test-method> <!-- closeUp -->
        <test-method is-config="true" signature="cleanUp()[pri:0, instance:com.mycompany.app.AppTest@208e9ef6]" started-at="2022-03-30T02:29:41Z" name="cleanUp" finished-at="2022-03-30T02:29:41Z" duration-ms="1" status="PASS">
          <reporter-output>
          </reporter-output>
        </test-method> <!-- cleanUp -->
      </class> <!-- com.mycompany.app.AppTest -->
    </test> <!-- Surefire test -->
  </suite> <!-- Surefire suite -->
</testng-results>
